# JRE version: 7.0_25-b17
# Java VM: Java HotSpot(TM) 64-Bit Server VM (23.25-b01 mixed mode windows-amd64 compressed oops)
Heap
 PSYoungGen      total 68416K, used 48276K [0x00000007d5e00000, 0x00000007db190000, 0x0000000800000000)
  eden space 56640K, 82% used [0x00000007d5e00000,0x00000007d8b97e30,0x00000007d9550000)
  from space 11776K, 13% used [0x00000007da610000,0x00000007da79d3a8,0x00000007db190000)
  to   space 14464K, 0% used [0x00000007d9550000,0x00000007d9550000,0x00000007da370000)
 ParOldGen       total 86272K, used 44391K [0x0000000781a00000, 0x0000000786e40000, 0x00000007d5e00000)
  object space 86272K, 51% used [0x0000000781a00000,0x0000000784559da8,0x0000000786e40000)
 PSPermGen       total 83968K, used 51658K [0x000000077c800000, 0x0000000781a00000, 0x0000000781a00000)
  object space 83968K, 61% used [0x000000077c800000,0x000000077fa72860,0x0000000781a00000)
GC Heap History (10 events):
Event: 1440.228 GC heap before
{Heap before GC invocations=28 (full 2):
 PSYoungGen      total 68416K, used 68352K [0x00000007d5e00000, 0x00000007dc4c0000, 0x0000000800000000)
  eden space 66816K, 100% used [0x00000007d5e00000,0x00000007d9f40000,0x00000007d9f40000)
  from space 1600K, 96% used [0x00000007da180000,0x00000007da300010,0x00000007da310000)
  to   space 19200K, 0% used [0x00000007db200000,0x00000007db200000,0x00000007dc4c0000)
 ParOldGen       total 86272K, used 44094K [0x0000000781a00000, 0x0000000786e40000, 0x00000007d5e00000)
  object space 86272K, 51% used [0x0000000781a00000,0x000000078450f958,0x0000000786e40000)
 PSPermGen       total 83968K, used 51656K [0x000000077c800000, 0x0000000781a00000, 0x0000000781a00000)
  object space 83968K, 61% used [0x000000077c800000,0x000000077fa722c8,0x0000000781a00000)
Event: 1440.245 GC heap after
Heap after GC invocations=28 (full 2):
 PSYoungGen      total 79360K, used 2048K [0x00000007d5e00000, 0x00000007dc070000, 0x0000000800000000)
  eden space 64576K, 0% used [0x00000007d5e00000,0x00000007d5e00000,0x00000007d9d10000)
  from space 14784K, 13% used [0x00000007db200000,0x00000007db400020,0x00000007dc070000)
  to   space 18112K, 0% used [0x00000007d9d10000,0x00000007d9d10000,0x00000007daec0000)
 ParOldGen       total 86272K, used 44150K [0x0000000781a00000, 0x0000000786e40000, 0x00000007d5e00000)
  object space 86272K, 51% used [0x0000000781a00000,0x000000078451d958,0x0000000786e40000)
 PSPermGen       total 83968K, used 51656K [0x000000077c800000, 0x0000000781a00000, 0x0000000781a00000)
  object space 83968K, 61% used [0x000000077c800000,0x000000077fa722c8,0x0000000781a00000)
}
Event: 1445.365 GC heap before
{Heap before GC invocations=29 (full 2):
 PSYoungGen      total 79360K, used 66624K [0x00000007d5e00000, 0x00000007dc070000, 0x0000000800000000)
  eden space 64576K, 100% used [0x00000007d5e00000,0x00000007d9d10000,0x00000007d9d10000)
  from space 14784K, 13% used [0x00000007db200000,0x00000007db400020,0x00000007dc070000)
  to   space 18112K, 0% used [0x00000007d9d10000,0x00000007d9d10000,0x00000007daec0000)
 ParOldGen       total 86272K, used 44150K [0x0000000781a00000, 0x0000000786e40000, 0x00000007d5e00000)
  object space 86272K, 51% used [0x0000000781a00000,0x000000078451d958,0x0000000786e40000)
 PSPermGen       total 83968K, used 51656K [0x000000077c800000, 0x0000000781a00000, 0x0000000781a00000)
  object space 83968K, 61% used [0x000000077c800000,0x000000077fa722c8,0x0000000781a00000)
Event: 1445.383 GC heap after
Heap after GC invocations=29 (full 2):
 PSYoungGen      total 64128K, used 1620K [0x00000007d5e00000, 0x00000007dbc80000, 0x0000000800000000)
  eden space 62464K, 0% used [0x00000007d5e00000,0x00000007d5e00000,0x00000007d9b00000)
  from space 1664K, 97% used [0x00000007d9d10000,0x00000007d9ea53a8,0x00000007d9eb0000)
  to   space 17152K, 0% used [0x00000007dabc0000,0x00000007dabc0000,0x00000007dbc80000)
 ParOldGen       total 86272K, used 44295K [0x0000000781a00000, 0x0000000786e40000, 0x00000007d5e00000)
  object space 86272K, 51% used [0x0000000781a00000,0x0000000784541da8,0x0000000786e40000)
 PSPermGen       total 83968K, used 51656K [0x000000077c800000, 0x0000000781a00000, 0x0000000781a00000)
  object space 83968K, 61% used [0x000000077c800000,0x000000077fa722c8,0x0000000781a00000)
}
Event: 1485.264 GC heap before
{Heap before GC invocations=30 (full 2):
 PSYoungGen      total 64128K, used 64084K [0x00000007d5e00000, 0x00000007dbc80000, 0x0000000800000000)
  eden space 62464K, 100% used [0x00000007d5e00000,0x00000007d9b00000,0x00000007d9b00000)
  from space 1664K, 97% used [0x00000007d9d10000,0x00000007d9ea53a8,0x00000007d9eb0000)
  to   space 17152K, 0% used [0x00000007dabc0000,0x00000007dabc0000,0x00000007dbc80000)
 ParOldGen       total 86272K, used 44295K [0x0000000781a00000, 0x0000000786e40000, 0x00000007d5e00000)
  object space 86272K, 51% used [0x0000000781a00000,0x0000000784541da8,0x0000000786e40000)
 PSPermGen       total 83968K, used 51658K [0x000000077c800000, 0x0000000781a00000, 0x0000000781a00000)
  object space 83968K, 61% used [0x000000077c800000,0x000000077fa72860,0x0000000781a00000)
Event: 1485.280 GC heap after
Heap after GC invocations=30 (full 2):
 PSYoungGen      total 73600K, used 1792K [0x00000007d5e00000, 0x00000007db8a0000, 0x0000000800000000)
  eden space 60416K, 0% used [0x00000007d5e00000,0x00000007d5e00000,0x00000007d9900000)
  from space 13184K, 13% used [0x00000007dabc0000,0x00000007dad80010,0x00000007db8a0000)
  to   space 16192K, 0% used [0x00000007d9900000,0x00000007d9900000,0x00000007da8d0000)
 ParOldGen       total 86272K, used 44343K [0x0000000781a00000, 0x0000000786e40000, 0x00000007d5e00000)
  object space 86272K, 51% used [0x0000000781a00000,0x000000078454dda8,0x0000000786e40000)
 PSPermGen       total 83968K, used 51658K [0x000000077c800000, 0x0000000781a00000, 0x0000000781a00000)
  object space 83968K, 61% used [0x000000077c800000,0x000000077fa72860,0x0000000781a00000)
}
Event: 1486.898 GC heap before
{Heap before GC invocations=31 (full 2):
 PSYoungGen      total 73600K, used 62208K [0x00000007d5e00000, 0x00000007db8a0000, 0x0000000800000000)
  eden space 60416K, 100% used [0x00000007d5e00000,0x00000007d9900000,0x00000007d9900000)
  from space 13184K, 13% used [0x00000007dabc0000,0x00000007dad80010,0x00000007db8a0000)
  to   space 16192K, 0% used [0x00000007d9900000,0x00000007d9900000,0x00000007da8d0000)
 ParOldGen       total 86272K, used 44343K [0x0000000781a00000, 0x0000000786e40000, 0x00000007d5e00000)
  object space 86272K, 51% used [0x0000000781a00000,0x000000078454dda8,0x0000000786e40000)
 PSPermGen       total 83968K, used 51658K [0x000000077c800000, 0x0000000781a00000, 0x0000000781a00000)
  object space 83968K, 61% used [0x000000077c800000,0x000000077fa72860,0x0000000781a00000)
Event: 1486.913 GC heap after
Heap after GC invocations=31 (full 2):
 PSYoungGen      total 60096K, used 1568K [0x00000007d5e00000, 0x00000007db500000, 0x0000000800000000)
  eden space 58496K, 0% used [0x00000007d5e00000,0x00000007d5e00000,0x00000007d9720000)
  from space 1600K, 98% used [0x00000007d9900000,0x00000007d9a88010,0x00000007d9a90000)
  to   space 15296K, 0% used [0x00000007da610000,0x00000007da610000,0x00000007db500000)
 ParOldGen       total 86272K, used 44375K [0x0000000781a00000, 0x0000000786e40000, 0x00000007d5e00000)
  object space 86272K, 51% used [0x0000000781a00000,0x0000000784555da8,0x0000000786e40000)
 PSPermGen       total 83968K, used 51658K [0x000000077c800000, 0x0000000781a00000, 0x0000000781a00000)
  object space 83968K, 61% used [0x000000077c800000,0x000000077fa72860,0x0000000781a00000)
}
Event: 1493.201 GC heap before
{Heap before GC invocations=32 (full 2):
 PSYoungGen      total 60096K, used 60064K [0x00000007d5e00000, 0x00000007db500000, 0x0000000800000000)
  eden space 58496K, 100% used [0x00000007d5e00000,0x00000007d9720000,0x00000007d9720000)
  from space 1600K, 98% used [0x00000007d9900000,0x00000007d9a88010,0x00000007d9a90000)
  to   space 15296K, 0% used [0x00000007da610000,0x00000007da610000,0x00000007db500000)
 ParOldGen       total 86272K, used 44375K [0x0000000781a00000, 0x0000000786e40000, 0x00000007d5e00000)
  object space 86272K, 51% used [0x0000000781a00000,0x0000000784555da8,0x0000000786e40000)
 PSPermGen       total 83968K, used 51658K [0x000000077c800000, 0x0000000781a00000, 0x0000000781a00000)
  object space 83968K, 61% used [0x000000077c800000,0x000000077fa72860,0x0000000781a00000)
Event: 1493.212 GC heap after
Heap after GC invocations=32 (full 2):
 PSYoungGen      total 68416K, used 1588K [0x00000007d5e00000, 0x00000007db190000, 0x0000000800000000)
  eden space 56640K, 0% used [0x00000007d5e00000,0x00000007d5e00000,0x00000007d9550000)
  from space 11776K, 13% used [0x00000007da610000,0x00000007da79d3a8,0x00000007db190000)
  to   space 14464K, 0% used [0x00000007d9550000,0x00000007d9550000,0x00000007da370000)
 ParOldGen       total 86272K, used 44391K [0x0000000781a00000, 0x0000000786e40000, 0x00000007d5e00000)
  object space 86272K, 51% used [0x0000000781a00000,0x0000000784559da8,0x0000000786e40000)
 PSPermGen       total 83968K, used 51658K [0x000000077c800000, 0x0000000781a00000, 0x0000000781a00000)
  object space 83968K, 61% used [0x000000077c800000,0x000000077fa72860,0x0000000781a00000)
}

