# JRE version: 7.0_25-b17
# Java VM: Java HotSpot(TM) 64-Bit Server VM (23.25-b01 mixed mode windows-amd64 compressed oops)
Heap
 PSYoungGen      total 150912K, used 89630K [0x00000007d5e00000, 0x00000007e0190000, 0x0000000800000000)
  eden space 150656K, 59% used [0x00000007d5e00000,0x00000007db587bd0,0x00000007df120000)
  from space 256K, 0% used [0x00000007e0150000,0x00000007e0150000,0x00000007e0190000)
  to   space 2560K, 0% used [0x00000007dfc90000,0x00000007dfc90000,0x00000007dff10000)
 ParOldGen       total 86272K, used 34770K [0x0000000781a00000, 0x0000000786e40000, 0x00000007d5e00000)
  object space 86272K, 40% used [0x0000000781a00000,0x0000000783bf49a8,0x0000000786e40000)
 PSPermGen       total 52416K, used 51988K [0x000000077c800000, 0x000000077fb30000, 0x0000000781a00000)
  object space 52416K, 99% used [0x000000077c800000,0x000000077fac5210,0x000000077fb30000)
GC Heap History (10 events):
Event: 12414.757 GC heap before
{Heap before GC invocations=346 (full 166):
 PSYoungGen      total 157568K, used 13524K [0x00000007d5e00000, 0x00000007e05a0000, 0x0000000800000000)
  eden space 157120K, 8% used [0x00000007d5e00000,0x00000007d6b35368,0x00000007df770000)
  from space 448K, 0% used [0x00000007e0290000,0x00000007e0290000,0x00000007e0300000)
  to   space 2432K, 0% used [0x00000007e0340000,0x00000007e0340000,0x00000007e05a0000)
 ParOldGen       total 86272K, used 34720K [0x0000000781a00000, 0x0000000786e40000, 0x00000007d5e00000)
  object space 86272K, 40% used [0x0000000781a00000,0x0000000783be8340,0x0000000786e40000)
 PSPermGen       total 52416K, used 51984K [0x000000077c800000, 0x000000077fb30000, 0x0000000781a00000)
  object space 52416K, 99% used [0x000000077c800000,0x000000077fac4020,0x000000077fb30000)
Event: 12414.763 GC heap after
Heap after GC invocations=346 (full 166):
 PSYoungGen      total 157696K, used 544K [0x00000007d5e00000, 0x00000007e03d0000, 0x0000000800000000)
  eden space 157120K, 0% used [0x00000007d5e00000,0x00000007d5e00000,0x00000007df770000)
  from space 576K, 94% used [0x00000007e0340000,0x00000007e03c8000,0x00000007e03d0000)
  to   space 2304K, 0% used [0x00000007dff50000,0x00000007dff50000,0x00000007e0190000)
 ParOldGen       total 86272K, used 34720K [0x0000000781a00000, 0x0000000786e40000, 0x00000007d5e00000)
  object space 86272K, 40% used [0x0000000781a00000,0x0000000783be8340,0x0000000786e40000)
 PSPermGen       total 52416K, used 51984K [0x000000077c800000, 0x000000077fb30000, 0x0000000781a00000)
  object space 52416K, 99% used [0x000000077c800000,0x000000077fac4020,0x000000077fb30000)
}
Event: 12414.763 GC heap before
{Heap before GC invocations=347 (full 167):
 PSYoungGen      total 157696K, used 544K [0x00000007d5e00000, 0x00000007e03d0000, 0x0000000800000000)
  eden space 157120K, 0% used [0x00000007d5e00000,0x00000007d5e00000,0x00000007df770000)
  from space 576K, 94% used [0x00000007e0340000,0x00000007e03c8000,0x00000007e03d0000)
  to   space 2304K, 0% used [0x00000007dff50000,0x00000007dff50000,0x00000007e0190000)
 ParOldGen       total 86272K, used 34720K [0x0000000781a00000, 0x0000000786e40000, 0x00000007d5e00000)
  object space 86272K, 40% used [0x0000000781a00000,0x0000000783be8340,0x0000000786e40000)
 PSPermGen       total 52416K, used 51984K [0x000000077c800000, 0x000000077fb30000, 0x0000000781a00000)
  object space 52416K, 99% used [0x000000077c800000,0x000000077fac4020,0x000000077fb30000)
Event: 12415.066 GC heap after
Heap after GC invocations=347 (full 167):
 PSYoungGen      total 157696K, used 0K [0x00000007d5e00000, 0x00000007e03d0000, 0x0000000800000000)
  eden space 157120K, 0% used [0x00000007d5e00000,0x00000007d5e00000,0x00000007df770000)
  from space 576K, 0% used [0x00000007e0340000,0x00000007e0340000,0x00000007e03d0000)
  to   space 2304K, 0% used [0x00000007dff50000,0x00000007dff50000,0x00000007e0190000)
 ParOldGen       total 86272K, used 35059K [0x0000000781a00000, 0x0000000786e40000, 0x00000007d5e00000)
  object space 86272K, 40% used [0x0000000781a00000,0x0000000783c3cf68,0x0000000786e40000)
 PSPermGen       total 52416K, used 51984K [0x000000077c800000, 0x000000077fb30000, 0x0000000781a00000)
  object space 52416K, 99% used [0x000000077c800000,0x000000077fac4020,0x000000077fb30000)
}
Event: 12507.508 GC heap before
{Heap before GC invocations=348 (full 167):
 PSYoungGen      total 157696K, used 157120K [0x00000007d5e00000, 0x00000007e03d0000, 0x0000000800000000)
  eden space 157120K, 100% used [0x00000007d5e00000,0x00000007df770000,0x00000007df770000)
  from space 576K, 0% used [0x00000007e0340000,0x00000007e0340000,0x00000007e03d0000)
  to   space 2304K, 0% used [0x00000007dff50000,0x00000007dff50000,0x00000007e0190000)
 ParOldGen       total 86272K, used 35059K [0x0000000781a00000, 0x0000000786e40000, 0x00000007d5e00000)
  object space 86272K, 40% used [0x0000000781a00000,0x0000000783c3cf68,0x0000000786e40000)
 PSPermGen       total 52416K, used 51986K [0x000000077c800000, 0x000000077fb30000, 0x0000000781a00000)
  object space 52416K, 99% used [0x000000077c800000,0x000000077fac4998,0x000000077fb30000)
Event: 12507.517 GC heap after
Heap after GC invocations=348 (full 167):
 PSYoungGen      total 152704K, used 1995K [0x00000007d5e00000, 0x00000007e0350000, 0x0000000800000000)
  eden space 150656K, 0% used [0x00000007d5e00000,0x00000007d5e00000,0x00000007df120000)
  from space 2048K, 97% used [0x00000007dff50000,0x00000007e0142d30,0x00000007e0150000)
  to   space 2048K, 0% used [0x00000007e0150000,0x00000007e0150000,0x00000007e0350000)
 ParOldGen       total 86272K, used 35059K [0x0000000781a00000, 0x0000000786e40000, 0x00000007d5e00000)
  object space 86272K, 40% used [0x0000000781a00000,0x0000000783c3cf68,0x0000000786e40000)
 PSPermGen       total 52416K, used 51986K [0x000000077c800000, 0x000000077fb30000, 0x0000000781a00000)
  object space 52416K, 99% used [0x000000077c800000,0x000000077fac4998,0x000000077fb30000)
}
Event: 12507.920 GC heap before
{Heap before GC invocations=349 (full 167):
 PSYoungGen      total 152704K, used 21782K [0x00000007d5e00000, 0x00000007e0350000, 0x0000000800000000)
  eden space 150656K, 13% used [0x00000007d5e00000,0x00000007d7152d60,0x00000007df120000)
  from space 2048K, 97% used [0x00000007dff50000,0x00000007e0142d30,0x00000007e0150000)
  to   space 2048K, 0% used [0x00000007e0150000,0x00000007e0150000,0x00000007e0350000)
 ParOldGen       total 86272K, used 35059K [0x0000000781a00000, 0x0000000786e40000, 0x00000007d5e00000)
  object space 86272K, 40% used [0x0000000781a00000,0x0000000783c3cf68,0x0000000786e40000)
 PSPermGen       total 52416K, used 51986K [0x000000077c800000, 0x000000077fb30000, 0x0000000781a00000)
  object space 52416K, 99% used [0x000000077c800000,0x000000077fac4998,0x000000077fb30000)
Event: 12507.928 GC heap after
Heap after GC invocations=349 (full 167):
 PSYoungGen      total 150912K, used 224K [0x00000007d5e00000, 0x00000007e0190000, 0x0000000800000000)
  eden space 150656K, 0% used [0x00000007d5e00000,0x00000007d5e00000,0x00000007df120000)
  from space 256K, 87% used [0x00000007e0150000,0x00000007e0188000,0x00000007e0190000)
  to   space 2560K, 0% used [0x00000007dfc90000,0x00000007dfc90000,0x00000007dff10000)
 ParOldGen       total 86272K, used 36616K [0x0000000781a00000, 0x0000000786e40000, 0x00000007d5e00000)
  object space 86272K, 42% used [0x0000000781a00000,0x0000000783dc23e8,0x0000000786e40000)
 PSPermGen       total 52416K, used 51986K [0x000000077c800000, 0x000000077fb30000, 0x0000000781a00000)
  object space 52416K, 99% used [0x000000077c800000,0x000000077fac4998,0x000000077fb30000)
}
Event: 12507.928 GC heap before
{Heap before GC invocations=350 (full 168):
 PSYoungGen      total 150912K, used 224K [0x00000007d5e00000, 0x00000007e0190000, 0x0000000800000000)
  eden space 150656K, 0% used [0x00000007d5e00000,0x00000007d5e00000,0x00000007df120000)
  from space 256K, 87% used [0x00000007e0150000,0x00000007e0188000,0x00000007e0190000)
  to   space 2560K, 0% used [0x00000007dfc90000,0x00000007dfc90000,0x00000007dff10000)
 ParOldGen       total 86272K, used 36616K [0x0000000781a00000, 0x0000000786e40000, 0x00000007d5e00000)
  object space 86272K, 42% used [0x0000000781a00000,0x0000000783dc23e8,0x0000000786e40000)
 PSPermGen       total 52416K, used 51986K [0x000000077c800000, 0x000000077fb30000, 0x0000000781a00000)
  object space 52416K, 99% used [0x000000077c800000,0x000000077fac4998,0x000000077fb30000)
Event: 12508.243 GC heap after
Heap after GC invocations=350 (full 168):
 PSYoungGen      total 150912K, used 0K [0x00000007d5e00000, 0x00000007e0190000, 0x0000000800000000)
  eden space 150656K, 0% used [0x00000007d5e00000,0x00000007d5e00000,0x00000007df120000)
  from space 256K, 0% used [0x00000007e0150000,0x00000007e0150000,0x00000007e0190000)
  to   space 2560K, 0% used [0x00000007dfc90000,0x00000007dfc90000,0x00000007dff10000)
 ParOldGen       total 86272K, used 34770K [0x0000000781a00000, 0x0000000786e40000, 0x00000007d5e00000)
  object space 86272K, 40% used [0x0000000781a00000,0x0000000783bf49a8,0x0000000786e40000)
 PSPermGen       total 52416K, used 51985K [0x000000077c800000, 0x000000077fb30000, 0x0000000781a00000)
  object space 52416K, 99% used [0x000000077c800000,0x000000077fac4778,0x000000077fb30000)
}

