# JRE version: 7.0_25-b17
# Java VM: Java HotSpot(TM) 64-Bit Server VM (23.25-b01 mixed mode windows-amd64 compressed oops)
Heap
 PSYoungGen      total 47616K, used 2K [0x00000007d5e00000, 0x00000007d9100000, 0x0000000800000000)
  eden space 43008K, 0% used [0x00000007d5e00000,0x00000007d5e008d0,0x00000007d8800000)
  from space 4608K, 0% used [0x00000007d8800000,0x00000007d8800000,0x00000007d8c80000)
  to   space 4608K, 0% used [0x00000007d8c80000,0x00000007d8c80000,0x00000007d9100000)
 ParOldGen       total 86272K, used 47363K [0x0000000781a00000, 0x0000000786e40000, 0x00000007d5e00000)
  object space 86272K, 54% used [0x0000000781a00000,0x0000000784840ef0,0x0000000786e40000)
 PSPermGen       total 57664K, used 57042K [0x000000077c800000, 0x0000000780050000, 0x0000000781a00000)
  object space 57664K, 98% used [0x000000077c800000,0x000000077ffb4a28,0x0000000780050000)
GC Heap History (10 events):
Event: 18933.506 GC heap before
{Heap before GC invocations=517 (full 181):
 PSYoungGen      total 50176K, used 256K [0x00000007d5e00000, 0x00000007d93a0000, 0x0000000800000000)
  eden space 45568K, 0% used [0x00000007d5e00000,0x00000007d5e00000,0x00000007d8a80000)
  from space 4608K, 5% used [0x00000007d8f20000,0x00000007d8f60000,0x00000007d93a0000)
  to   space 4672K, 0% used [0x00000007d8a80000,0x00000007d8a80000,0x00000007d8f10000)
 ParOldGen       total 86272K, used 50349K [0x0000000781a00000, 0x0000000786e40000, 0x00000007d5e00000)
  object space 86272K, 58% used [0x0000000781a00000,0x0000000784b2b620,0x0000000786e40000)
 PSPermGen       total 57664K, used 57042K [0x000000077c800000, 0x0000000780050000, 0x0000000781a00000)
  object space 57664K, 98% used [0x000000077c800000,0x000000077ffb4a48,0x0000000780050000)
Event: 18933.894 GC heap after
Heap after GC invocations=517 (full 181):
 PSYoungGen      total 50176K, used 0K [0x00000007d5e00000, 0x00000007d93a0000, 0x0000000800000000)
  eden space 45568K, 0% used [0x00000007d5e00000,0x00000007d5e00000,0x00000007d8a80000)
  from space 4608K, 0% used [0x00000007d8f20000,0x00000007d8f20000,0x00000007d93a0000)
  to   space 4672K, 0% used [0x00000007d8a80000,0x00000007d8a80000,0x00000007d8f10000)
 ParOldGen       total 86272K, used 47376K [0x0000000781a00000, 0x0000000786e40000, 0x00000007d5e00000)
  object space 86272K, 54% used [0x0000000781a00000,0x0000000784844138,0x0000000786e40000)
 PSPermGen       total 57664K, used 57042K [0x000000077c800000, 0x0000000780050000, 0x0000000781a00000)
  object space 57664K, 98% used [0x000000077c800000,0x000000077ffb4a28,0x0000000780050000)
}
Event: 18994.529 GC heap before
{Heap before GC invocations=518 (full 181):
 PSYoungGen      total 50176K, used 45568K [0x00000007d5e00000, 0x00000007d93a0000, 0x0000000800000000)
  eden space 45568K, 100% used [0x00000007d5e00000,0x00000007d8a80000,0x00000007d8a80000)
  from space 4608K, 0% used [0x00000007d8f20000,0x00000007d8f20000,0x00000007d93a0000)
  to   space 4672K, 0% used [0x00000007d8a80000,0x00000007d8a80000,0x00000007d8f10000)
 ParOldGen       total 86272K, used 47376K [0x0000000781a00000, 0x0000000786e40000, 0x00000007d5e00000)
  object space 86272K, 54% used [0x0000000781a00000,0x0000000784844138,0x0000000786e40000)
 PSPermGen       total 57664K, used 57042K [0x000000077c800000, 0x0000000780050000, 0x0000000781a00000)
  object space 57664K, 98% used [0x000000077c800000,0x000000077ffb4a28,0x0000000780050000)
Event: 18994.539 GC heap after
Heap after GC invocations=518 (full 181):
 PSYoungGen      total 46656K, used 2359K [0x00000007d5e00000, 0x00000007d9260000, 0x0000000800000000)
  eden space 44288K, 0% used [0x00000007d5e00000,0x00000007d5e00000,0x00000007d8940000)
  from space 2368K, 99% used [0x00000007d8a80000,0x00000007d8ccdff8,0x00000007d8cd0000)
  to   space 4672K, 0% used [0x00000007d8dd0000,0x00000007d8dd0000,0x00000007d9260000)
 ParOldGen       total 86272K, used 47376K [0x0000000781a00000, 0x0000000786e40000, 0x00000007d5e00000)
  object space 86272K, 54% used [0x0000000781a00000,0x0000000784844138,0x0000000786e40000)
 PSPermGen       total 57664K, used 57042K [0x000000077c800000, 0x0000000780050000, 0x0000000781a00000)
  object space 57664K, 98% used [0x000000077c800000,0x000000077ffb4a28,0x0000000780050000)
}
Event: 18997.490 GC heap before
{Heap before GC invocations=519 (full 181):
 PSYoungGen      total 46656K, used 46647K [0x00000007d5e00000, 0x00000007d9260000, 0x0000000800000000)
  eden space 44288K, 100% used [0x00000007d5e00000,0x00000007d8940000,0x00000007d8940000)
  from space 2368K, 99% used [0x00000007d8a80000,0x00000007d8ccdff8,0x00000007d8cd0000)
  to   space 4672K, 0% used [0x00000007d8dd0000,0x00000007d8dd0000,0x00000007d9260000)
 ParOldGen       total 86272K, used 47376K [0x0000000781a00000, 0x0000000786e40000, 0x00000007d5e00000)
  object space 86272K, 54% used [0x0000000781a00000,0x0000000784844138,0x0000000786e40000)
 PSPermGen       total 57664K, used 57042K [0x000000077c800000, 0x0000000780050000, 0x0000000781a00000)
  object space 57664K, 98% used [0x000000077c800000,0x000000077ffb4a28,0x0000000780050000)
Event: 18997.501 GC heap after
Heap after GC invocations=519 (full 181):
 PSYoungGen      total 46272K, used 2279K [0x00000007d5e00000, 0x00000007d9100000, 0x0000000800000000)
  eden space 43008K, 0% used [0x00000007d5e00000,0x00000007d5e00000,0x00000007d8800000)
  from space 3264K, 69% used [0x00000007d8dd0000,0x00000007d9009e60,0x00000007d9100000)
  to   space 4608K, 0% used [0x00000007d8800000,0x00000007d8800000,0x00000007d8c80000)
 ParOldGen       total 86272K, used 47424K [0x0000000781a00000, 0x0000000786e40000, 0x00000007d5e00000)
  object space 86272K, 54% used [0x0000000781a00000,0x0000000784850138,0x0000000786e40000)
 PSPermGen       total 57664K, used 57042K [0x000000077c800000, 0x0000000780050000, 0x0000000781a00000)
  object space 57664K, 98% used [0x000000077c800000,0x000000077ffb4a28,0x0000000780050000)
}
Event: 19005.166 GC heap before
{Heap before GC invocations=520 (full 181):
 PSYoungGen      total 46272K, used 16439K [0x00000007d5e00000, 0x00000007d9100000, 0x0000000800000000)
  eden space 43008K, 32% used [0x00000007d5e00000,0x00000007d6bd3e88,0x00000007d8800000)
  from space 3264K, 69% used [0x00000007d8dd0000,0x00000007d9009e60,0x00000007d9100000)
  to   space 4608K, 0% used [0x00000007d8800000,0x00000007d8800000,0x00000007d8c80000)
 ParOldGen       total 86272K, used 47424K [0x0000000781a00000, 0x0000000786e40000, 0x00000007d5e00000)
  object space 86272K, 54% used [0x0000000781a00000,0x0000000784850138,0x0000000786e40000)
 PSPermGen       total 57664K, used 57042K [0x000000077c800000, 0x0000000780050000, 0x0000000781a00000)
  object space 57664K, 98% used [0x000000077c800000,0x000000077ffb4a28,0x0000000780050000)
Event: 19005.176 GC heap after
Heap after GC invocations=520 (full 181):
 PSYoungGen      total 47616K, used 192K [0x00000007d5e00000, 0x00000007d9100000, 0x0000000800000000)
  eden space 43008K, 0% used [0x00000007d5e00000,0x00000007d5e00000,0x00000007d8800000)
  from space 4608K, 4% used [0x00000007d8800000,0x00000007d8830000,0x00000007d8c80000)
  to   space 4608K, 0% used [0x00000007d8c80000,0x00000007d8c80000,0x00000007d9100000)
 ParOldGen       total 86272K, used 49567K [0x0000000781a00000, 0x0000000786e40000, 0x00000007d5e00000)
  object space 86272K, 57% used [0x0000000781a00000,0x0000000784a67d58,0x0000000786e40000)
 PSPermGen       total 57664K, used 57042K [0x000000077c800000, 0x0000000780050000, 0x0000000781a00000)
  object space 57664K, 98% used [0x000000077c800000,0x000000077ffb4a28,0x0000000780050000)
}
Event: 19005.176 GC heap before
{Heap before GC invocations=521 (full 182):
 PSYoungGen      total 47616K, used 192K [0x00000007d5e00000, 0x00000007d9100000, 0x0000000800000000)
  eden space 43008K, 0% used [0x00000007d5e00000,0x00000007d5e00000,0x00000007d8800000)
  from space 4608K, 4% used [0x00000007d8800000,0x00000007d8830000,0x00000007d8c80000)
  to   space 4608K, 0% used [0x00000007d8c80000,0x00000007d8c80000,0x00000007d9100000)
 ParOldGen       total 86272K, used 49567K [0x0000000781a00000, 0x0000000786e40000, 0x00000007d5e00000)
  object space 86272K, 57% used [0x0000000781a00000,0x0000000784a67d58,0x0000000786e40000)
 PSPermGen       total 57664K, used 57042K [0x000000077c800000, 0x0000000780050000, 0x0000000781a00000)
  object space 57664K, 98% used [0x000000077c800000,0x000000077ffb4a28,0x0000000780050000)
Event: 19005.646 GC heap after
Heap after GC invocations=521 (full 182):
 PSYoungGen      total 47616K, used 0K [0x00000007d5e00000, 0x00000007d9100000, 0x0000000800000000)
  eden space 43008K, 0% used [0x00000007d5e00000,0x00000007d5e00000,0x00000007d8800000)
  from space 4608K, 0% used [0x00000007d8800000,0x00000007d8800000,0x00000007d8c80000)
  to   space 4608K, 0% used [0x00000007d8c80000,0x00000007d8c80000,0x00000007d9100000)
 ParOldGen       total 86272K, used 47363K [0x0000000781a00000, 0x0000000786e40000, 0x00000007d5e00000)
  object space 86272K, 54% used [0x0000000781a00000,0x0000000784840ef0,0x0000000786e40000)
 PSPermGen       total 57664K, used 57042K [0x000000077c800000, 0x0000000780050000, 0x0000000781a00000)
  object space 57664K, 98% used [0x000000077c800000,0x000000077ffb4a28,0x0000000780050000)
}

